<?xml version="1.0" encoding="UTF-8"?>
<robot generator="Robot 3.2.2 (Python 3.9.2 on win32)" generated="20210406 15:20:56.830" rpa="false">
<suite id="s1" name="Test" source="C:\Users\jonte\Desktop\Eclipse_workspace\test">
<suite id="s1-s1" name="Testrovo" source="C:\Users\jonte\Desktop\Eclipse_workspace\test\testrovo.robot">
<kw name="Log" library="BuiltIn" type="setup">
<doc>Logs the given message with the given level.</doc>
<arguments>
<arg>I am inside Test Suite Setup</arg>
</arguments>
<msg timestamp="20210406 15:20:57.628" level="INFO">I am inside Test Suite Setup</msg>
<status status="PASS" starttime="20210406 15:20:57.627" endtime="20210406 15:20:57.629"></status>
</kw>
<test id="s1-s1-t1" name="FirstSeleniumTest">
<kw name="Log" library="BuiltIn" type="setup">
<doc>Logs the given message with the given level.</doc>
<arguments>
<arg>Inside Test Setup</arg>
</arguments>
<msg timestamp="20210406 15:20:57.633" level="INFO">Inside Test Setup</msg>
<status status="PASS" starttime="20210406 15:20:57.632" endtime="20210406 15:20:57.634"></status>
</kw>
<kw name="OpenDDG">
<kw name="Open Browser" library="SeleniumLibrary">
<doc>Opens a new browser instance to the optional ``url``.</doc>
<arguments>
<arg>https:duckduckgo.com</arg>
<arg>gc</arg>
</arguments>
<msg timestamp="20210406 15:20:57.638" level="INFO">Opening browser 'gc' to base url 'https:duckduckgo.com'.</msg>
<status status="PASS" starttime="20210406 15:20:57.637" endtime="20210406 15:21:02.989"></status>
</kw>
<status status="PASS" starttime="20210406 15:20:57.635" endtime="20210406 15:21:02.990"></status>
</kw>
<kw name="Sleep" library="BuiltIn">
<doc>Pauses the test executed for the given time.</doc>
<arguments>
<arg>1</arg>
</arguments>
<msg timestamp="20210406 15:21:03.997" level="INFO">Slept 1 second</msg>
<status status="PASS" starttime="20210406 15:21:02.990" endtime="20210406 15:21:03.998"></status>
</kw>
<kw name="Input Text" library="SeleniumLibrary">
<doc>Types the given ``text`` into the text field identified by ``locator``.</doc>
<arguments>
<arg>name=q</arg>
<arg>flashback</arg>
</arguments>
<msg timestamp="20210406 15:21:04.000" level="INFO">Typing text 'flashback' into text field 'name=q'.</msg>
<status status="PASS" starttime="20210406 15:21:03.999" endtime="20210406 15:21:04.212"></status>
</kw>
<kw name="Press Keys" library="SeleniumLibrary">
<doc>Simulates the user pressing key(s) to an element or on the active browser.</doc>
<arguments>
<arg>name=q</arg>
<arg>RETURN</arg>
</arguments>
<msg timestamp="20210406 15:21:04.215" level="INFO">Sending key(s) ('RETURN',) to name=q element.</msg>
<msg timestamp="20210406 15:21:04.588" level="INFO">Pressing special key RETURN to element.</msg>
<msg timestamp="20210406 15:21:04.588" level="INFO">Releasing special key RETURN.</msg>
<status status="PASS" starttime="20210406 15:21:04.213" endtime="20210406 15:21:06.995"></status>
</kw>
<kw name="Click Link" library="SeleniumLibrary">
<doc>Clicks a link identified by ``locator``.</doc>
<arguments>
<arg>https://www.flashback.org</arg>
</arguments>
<msg timestamp="20210406 15:21:06.998" level="INFO">Clicking link 'https://www.flashback.org'.</msg>
<status status="PASS" starttime="20210406 15:21:06.997" endtime="20210406 15:21:09.244"></status>
</kw>
<kw name="Sleep" library="BuiltIn">
<doc>Pauses the test executed for the given time.</doc>
<arguments>
<arg>1</arg>
</arguments>
<msg timestamp="20210406 15:21:10.246" level="INFO">Slept 1 second</msg>
<status status="PASS" starttime="20210406 15:21:09.245" endtime="20210406 15:21:10.246"></status>
</kw>
<kw name="Click Element" library="SeleniumLibrary">
<doc>Click the element identified by ``locator``.</doc>
<arguments>
<arg>id=onetrust-accept-btn-handler</arg>
</arguments>
<msg timestamp="20210406 15:21:10.248" level="INFO">Clicking element 'id=onetrust-accept-btn-handler'.</msg>
<status status="PASS" starttime="20210406 15:21:10.247" endtime="20210406 15:21:10.475"></status>
</kw>
<kw name="Click Element" library="SeleniumLibrary">
<doc>Click the element identified by ``locator``.</doc>
<arguments>
<arg>xpath://*[@id="navbar-top-menu"]/ul/li[2]/a</arg>
</arguments>
<msg timestamp="20210406 15:21:10.477" level="INFO">Clicking element 'xpath://*[@id="navbar-top-menu"]/ul/li[2]/a'.</msg>
<status status="PASS" starttime="20210406 15:21:10.476" endtime="20210406 15:21:11.813"></status>
</kw>
<kw name="Input Text" library="SeleniumLibrary">
<doc>Types the given ``text`` into the text field identified by ``locator``.</doc>
<arguments>
<arg>name=vb_login_username</arg>
<arg>${dVar}[username2]</arg>
</arguments>
<msg timestamp="20210406 15:21:11.816" level="INFO">Typing text 'Kvargennn' into text field 'name=vb_login_username'.</msg>
<status status="PASS" starttime="20210406 15:21:11.814" endtime="20210406 15:21:12.493"></status>
</kw>
<kw name="Input Text" library="SeleniumLibrary">
<doc>Types the given ``text`` into the text field identified by ``locator``.</doc>
<arguments>
<arg>name=vb_login_password</arg>
<arg>${dVar}[password2]</arg>
</arguments>
<msg timestamp="20210406 15:21:12.495" level="INFO">Typing text '18Hundra91' into text field 'name=vb_login_password'.</msg>
<status status="PASS" starttime="20210406 15:21:12.494" endtime="20210406 15:21:13.040"></status>
</kw>
<kw name="Click Element" library="SeleniumLibrary">
<doc>Click the element identified by ``locator``.</doc>
<arguments>
<arg>xpath://*[@id="site-full"]/div/div/div/div[2]/form/div/div/div[5]/button</arg>
</arguments>
<msg timestamp="20210406 15:21:13.042" level="INFO">Clicking element 'xpath://*[@id="site-full"]/div/div/div/div[2]/form/div/div/div[5]/button'.</msg>
<status status="PASS" starttime="20210406 15:21:13.040" endtime="20210406 15:21:14.484"></status>
</kw>
<kw name="Click Element" library="SeleniumLibrary">
<doc>Click the element identified by ``locator``.</doc>
<arguments>
<arg>xpath://*[@id="f243"]/div[1]/a/strong</arg>
</arguments>
<msg timestamp="20210406 15:21:14.488" level="INFO">Clicking element 'xpath://*[@id="f243"]/div[1]/a/strong'.</msg>
<status status="PASS" starttime="20210406 15:21:14.486" endtime="20210406 15:21:15.463"></status>
</kw>
<kw name="Click Element" library="SeleniumLibrary">
<doc>Click the element identified by ``locator``.</doc>
<arguments>
<arg>xpath://*[@id="f245"]/div[1]/a/strong</arg>
</arguments>
<msg timestamp="20210406 15:21:15.465" level="INFO">Clicking element 'xpath://*[@id="f245"]/div[1]/a/strong'.</msg>
<status status="PASS" starttime="20210406 15:21:15.464" endtime="20210406 15:21:16.958"></status>
</kw>
<kw name="Click Element" library="SeleniumLibrary">
<doc>Click the element identified by ``locator``.</doc>
<arguments>
<arg>xpath://*[@id="site-left"]/div[4]/div[1]/div/a/span/span</arg>
</arguments>
<msg timestamp="20210406 15:21:16.960" level="INFO">Clicking element 'xpath://*[@id="site-left"]/div[4]/div[1]/div/a/span/span'.</msg>
<status status="PASS" starttime="20210406 15:21:16.959" endtime="20210406 15:21:18.238"></status>
</kw>
<kw name="Input Text" library="SeleniumLibrary">
<doc>Types the given ``text`` into the text field identified by ``locator``.</doc>
<arguments>
<arg>name=subject</arg>
<arg>Jag e robot</arg>
</arguments>
<msg timestamp="20210406 15:21:18.240" level="INFO">Typing text 'Jag e robot' into text field 'name=subject'.</msg>
<status status="PASS" starttime="20210406 15:21:18.239" endtime="20210406 15:21:18.757"></status>
</kw>
<kw name="Input Text" library="SeleniumLibrary">
<doc>Types the given ``text`` into the text field identified by ``locator``.</doc>
<arguments>
<arg>name=message</arg>
<arg>Jeffrey Persson e person</arg>
</arguments>
<msg timestamp="20210406 15:21:18.758" level="INFO">Typing text 'Jeffrey Persson e person' into text field 'name=message'.</msg>
<status status="PASS" starttime="20210406 15:21:18.757" endtime="20210406 15:21:19.491"></status>
</kw>
<kw name="Sleep" library="BuiltIn">
<doc>Pauses the test executed for the given time.</doc>
<arguments>
<arg>2</arg>
</arguments>
<msg timestamp="20210406 15:21:21.495" level="INFO">Slept 2 seconds</msg>
<status status="PASS" starttime="20210406 15:21:19.492" endtime="20210406 15:21:21.496"></status>
</kw>
<kw name="Log" library="BuiltIn" type="teardown">
<doc>Logs the given message with the given level.</doc>
<arguments>
<arg>Inside Test Teardown</arg>
</arguments>
<msg timestamp="20210406 15:21:21.499" level="INFO">Inside Test Teardown</msg>
<status status="PASS" starttime="20210406 15:21:21.498" endtime="20210406 15:21:21.500"></status>
</kw>
<tags>
<tag>flashback</tag>
</tags>
<status status="PASS" starttime="20210406 15:20:57.630" endtime="20210406 15:21:21.501" critical="yes"></status>
</test>
<kw name="TeardownSuite" type="teardown">
<kw name="Log" library="BuiltIn">
<doc>Logs the given message with the given level.</doc>
<arguments>
<arg>I am inside Test Suite Teardown Keyword</arg>
</arguments>
<msg timestamp="20210406 15:21:21.505" level="INFO">I am inside Test Suite Teardown Keyword</msg>
<status status="PASS" starttime="20210406 15:21:21.504" endtime="20210406 15:21:21.505"></status>
</kw>
<status status="PASS" starttime="20210406 15:21:21.503" endtime="20210406 15:21:21.506"></status>
</kw>
<status status="PASS" starttime="20210406 15:20:57.109" endtime="20210406 15:21:21.506"></status>
</suite>
<status status="PASS" starttime="20210406 15:20:57.021" endtime="20210406 15:21:21.511"></status>
</suite>
<statistics>
<total>
<stat pass="1" fail="0">Critical Tests</stat>
<stat pass="1" fail="0">All Tests</stat>
</total>
<tag>
<stat pass="1" fail="0">flashback</stat>
</tag>
<suite>
<stat pass="1" fail="0" id="s1" name="Test">Test</stat>
<stat pass="1" fail="0" id="s1-s1" name="Testrovo">Test.Testrovo</stat>
</suite>
</statistics>
<errors>
</errors>
</robot>
