<?xml version="1.0" encoding="UTF-8"?>
<robot generator="Robot 3.2.2 (Python 3.9.2 on win32)" generated="20210406 16:22:06.337" rpa="false">
<suite id="s1" name="Test" source="C:\Users\jonte\AppData\Roaming\SPB_Data\git\RobotProject1\test">
<suite id="s1-s1" name="Testrovo" source="C:\Users\jonte\AppData\Roaming\SPB_Data\git\RobotProject1\test\testrovo.robot">
<test id="s1-s1-t1" name="FirstSeleniumTest">
<kw name="OpenDDG">
<kw name="Open Browser" library="SeleniumLibrary">
<doc>Opens a new browser instance to the optional ``url``.</doc>
<arguments>
<arg>https:duckduckgo.com</arg>
<arg>gc</arg>
</arguments>
<msg timestamp="20210406 16:22:07.276" level="INFO">Opening browser 'gc' to base url 'https:duckduckgo.com'.</msg>
<status status="PASS" starttime="20210406 16:22:07.275" endtime="20210406 16:22:12.813"></status>
</kw>
<status status="PASS" starttime="20210406 16:22:07.273" endtime="20210406 16:22:12.815"></status>
</kw>
<kw name="Sleep" library="BuiltIn">
<doc>Pauses the test executed for the given time.</doc>
<arguments>
<arg>1</arg>
</arguments>
<msg timestamp="20210406 16:22:13.818" level="INFO">Slept 1 second</msg>
<status status="PASS" starttime="20210406 16:22:12.815" endtime="20210406 16:22:13.818"></status>
</kw>
<kw name="Input Text" library="SeleniumLibrary">
<doc>Types the given ``text`` into the text field identified by ``locator``.</doc>
<arguments>
<arg>name=q</arg>
<arg>flashback</arg>
</arguments>
<msg timestamp="20210406 16:22:13.821" level="INFO">Typing text 'flashback' into text field 'name=q'.</msg>
<status status="PASS" starttime="20210406 16:22:13.819" endtime="20210406 16:22:14.087"></status>
</kw>
<kw name="Press Keys" library="SeleniumLibrary">
<doc>Simulates the user pressing key(s) to an element or on the active browser.</doc>
<arguments>
<arg>name=q</arg>
<arg>RETURN</arg>
</arguments>
<msg timestamp="20210406 16:22:14.090" level="INFO">Sending key(s) ('RETURN',) to name=q element.</msg>
<msg timestamp="20210406 16:22:14.433" level="INFO">Pressing special key RETURN to element.</msg>
<msg timestamp="20210406 16:22:14.434" level="INFO">Releasing special key RETURN.</msg>
<status status="PASS" starttime="20210406 16:22:14.088" endtime="20210406 16:22:16.563"></status>
</kw>
<kw name="Click Link" library="SeleniumLibrary">
<doc>Clicks a link identified by ``locator``.</doc>
<arguments>
<arg>https://www.flashback.org</arg>
</arguments>
<msg timestamp="20210406 16:22:16.566" level="INFO">Clicking link 'https://www.flashback.org'.</msg>
<status status="PASS" starttime="20210406 16:22:16.564" endtime="20210406 16:22:19.056"></status>
</kw>
<kw name="Sleep" library="BuiltIn">
<doc>Pauses the test executed for the given time.</doc>
<arguments>
<arg>1</arg>
</arguments>
<msg timestamp="20210406 16:22:20.061" level="INFO">Slept 1 second</msg>
<status status="PASS" starttime="20210406 16:22:19.057" endtime="20210406 16:22:20.061"></status>
</kw>
<kw name="Click Element" library="SeleniumLibrary">
<doc>Click the element identified by ``locator``.</doc>
<arguments>
<arg>id=onetrust-accept-btn-handler</arg>
</arguments>
<msg timestamp="20210406 16:22:20.063" level="INFO">Clicking element 'id=onetrust-accept-btn-handler'.</msg>
<status status="PASS" starttime="20210406 16:22:20.062" endtime="20210406 16:22:20.227"></status>
</kw>
<kw name="Click Element" library="SeleniumLibrary">
<doc>Click the element identified by ``locator``.</doc>
<arguments>
<arg>xpath://*[@id="navbar-top-menu"]/ul/li[2]/a</arg>
</arguments>
<msg timestamp="20210406 16:22:20.229" level="INFO">Clicking element 'xpath://*[@id="navbar-top-menu"]/ul/li[2]/a'.</msg>
<status status="PASS" starttime="20210406 16:22:20.228" endtime="20210406 16:22:21.272"></status>
</kw>
<kw name="Input Text" library="SeleniumLibrary">
<doc>Types the given ``text`` into the text field identified by ``locator``.</doc>
<arguments>
<arg>name=vb_login_username</arg>
<arg>${dVar}[username2]</arg>
</arguments>
<msg timestamp="20210406 16:22:21.275" level="INFO">Typing text 'Kvargennn' into text field 'name=vb_login_username'.</msg>
<status status="PASS" starttime="20210406 16:22:21.273" endtime="20210406 16:22:21.660"></status>
</kw>
<kw name="Input Text" library="SeleniumLibrary">
<doc>Types the given ``text`` into the text field identified by ``locator``.</doc>
<arguments>
<arg>name=vb_login_password</arg>
<arg>${dVar}[password2]</arg>
</arguments>
<msg timestamp="20210406 16:22:21.664" level="INFO">Typing text '18Hundra91' into text field 'name=vb_login_password'.</msg>
<status status="PASS" starttime="20210406 16:22:21.661" endtime="20210406 16:22:22.123"></status>
</kw>
<kw name="Click Element" library="SeleniumLibrary">
<doc>Click the element identified by ``locator``.</doc>
<arguments>
<arg>xpath://*[@id="site-full"]/div/div/div/div[2]/form/div/div/div[5]/button</arg>
</arguments>
<msg timestamp="20210406 16:22:22.125" level="INFO">Clicking element 'xpath://*[@id="site-full"]/div/div/div/div[2]/form/div/div/div[5]/button'.</msg>
<status status="PASS" starttime="20210406 16:22:22.124" endtime="20210406 16:22:23.336"></status>
</kw>
<kw name="Click Element" library="SeleniumLibrary">
<doc>Click the element identified by ``locator``.</doc>
<arguments>
<arg>xpath://*[@id="f243"]/div[1]/a/strong</arg>
</arguments>
<msg timestamp="20210406 16:22:23.338" level="INFO">Clicking element 'xpath://*[@id="f243"]/div[1]/a/strong'.</msg>
<status status="PASS" starttime="20210406 16:22:23.337" endtime="20210406 16:22:24.145"></status>
</kw>
<kw name="Click Element" library="SeleniumLibrary">
<doc>Click the element identified by ``locator``.</doc>
<arguments>
<arg>xpath://*[@id="f245"]/div[1]/a/strong</arg>
</arguments>
<msg timestamp="20210406 16:22:24.147" level="INFO">Clicking element 'xpath://*[@id="f245"]/div[1]/a/strong'.</msg>
<status status="PASS" starttime="20210406 16:22:24.146" endtime="20210406 16:22:25.633"></status>
</kw>
<kw name="Click Element" library="SeleniumLibrary">
<doc>Click the element identified by ``locator``.</doc>
<arguments>
<arg>xpath://*[@id="site-left"]/div[4]/div[1]/div/a/span/span</arg>
</arguments>
<msg timestamp="20210406 16:22:25.637" level="INFO">Clicking element 'xpath://*[@id="site-left"]/div[4]/div[1]/div/a/span/span'.</msg>
<status status="PASS" starttime="20210406 16:22:25.634" endtime="20210406 16:22:26.849"></status>
</kw>
<kw name="Input Text" library="SeleniumLibrary">
<doc>Types the given ``text`` into the text field identified by ``locator``.</doc>
<arguments>
<arg>name=subject</arg>
<arg>Jag e robot</arg>
</arguments>
<msg timestamp="20210406 16:22:26.851" level="INFO">Typing text 'Jag e robot' into text field 'name=subject'.</msg>
<status status="PASS" starttime="20210406 16:22:26.850" endtime="20210406 16:22:27.081"></status>
</kw>
<kw name="Input Text" library="SeleniumLibrary">
<doc>Types the given ``text`` into the text field identified by ``locator``.</doc>
<arguments>
<arg>name=message</arg>
<arg>Jeffrey Persson e person</arg>
</arguments>
<msg timestamp="20210406 16:22:27.082" level="INFO">Typing text 'Jeffrey Persson e person' into text field 'name=message'.</msg>
<status status="PASS" starttime="20210406 16:22:27.081" endtime="20210406 16:22:27.495"></status>
</kw>
<kw name="Click Element" library="SeleniumLibrary">
<doc>Click the element identified by ``locator``.</doc>
<arguments>
<arg>name=preview</arg>
</arguments>
<msg timestamp="20210406 16:22:27.497" level="INFO">Clicking element 'name=preview'.</msg>
<status status="PASS" starttime="20210406 16:22:27.496" endtime="20210406 16:22:28.322"></status>
</kw>
<kw name="Sleep" library="BuiltIn">
<doc>Pauses the test executed for the given time.</doc>
<arguments>
<arg>2</arg>
</arguments>
<msg timestamp="20210406 16:22:30.328" level="INFO">Slept 2 seconds</msg>
<status status="PASS" starttime="20210406 16:22:28.323" endtime="20210406 16:22:30.328"></status>
</kw>
<kw name="Close Browser" library="SeleniumLibrary">
<doc>Closes the current browser.</doc>
<status status="PASS" starttime="20210406 16:22:30.329" endtime="20210406 16:22:32.825"></status>
</kw>
<status status="PASS" starttime="20210406 16:22:07.270" endtime="20210406 16:22:32.827" critical="yes"></status>
</test>
<test id="s1-s1-t2" name="SampleLoginTest">
<kw name="Open Browser" library="SeleniumLibrary">
<doc>Opens a new browser instance to the optional ``url``.</doc>
<arguments>
<arg>${URL}</arg>
<arg>gc</arg>
</arguments>
<msg timestamp="20210406 16:22:32.832" level="INFO">Opening browser 'gc' to base url 'https://opensource-demo.orangehrmlive.com/'.</msg>
<status status="PASS" starttime="20210406 16:22:32.831" endtime="20210406 16:22:45.286"></status>
</kw>
<kw name="Input Text" library="SeleniumLibrary">
<doc>Types the given ``text`` into the text field identified by ``locator``.</doc>
<arguments>
<arg>id=txtUsername</arg>
<arg>${dVar}[username]</arg>
</arguments>
<msg timestamp="20210406 16:22:45.290" level="INFO">Typing text 'Admin' into text field 'id=txtUsername'.</msg>
<status status="PASS" starttime="20210406 16:22:45.287" endtime="20210406 16:22:45.716"></status>
</kw>
<kw name="Input Text" library="SeleniumLibrary">
<doc>Types the given ``text`` into the text field identified by ``locator``.</doc>
<arguments>
<arg>id=txtPassword</arg>
<arg>${dVar}[password]</arg>
</arguments>
<msg timestamp="20210406 16:22:45.718" level="INFO">Typing text 'admin123' into text field 'id=txtPassword'.</msg>
<status status="PASS" starttime="20210406 16:22:45.717" endtime="20210406 16:22:45.972"></status>
</kw>
<kw name="Click Button" library="SeleniumLibrary">
<doc>Clicks the button identified by ``locator``.</doc>
<arguments>
<arg>id=btnLogin</arg>
</arguments>
<msg timestamp="20210406 16:22:45.974" level="INFO">Clicking button 'id=btnLogin'.</msg>
<status status="PASS" starttime="20210406 16:22:45.973" endtime="20210406 16:22:48.311"></status>
</kw>
<kw name="Click Element" library="SeleniumLibrary">
<doc>Click the element identified by ``locator``.</doc>
<arguments>
<arg>id=welcome</arg>
</arguments>
<msg timestamp="20210406 16:22:48.313" level="INFO">Clicking element 'id=welcome'.</msg>
<status status="PASS" starttime="20210406 16:22:48.311" endtime="20210406 16:22:49.437"></status>
</kw>
<kw name="Sleep" library="BuiltIn">
<doc>Pauses the test executed for the given time.</doc>
<arguments>
<arg>1</arg>
</arguments>
<msg timestamp="20210406 16:22:50.440" level="INFO">Slept 1 second</msg>
<status status="PASS" starttime="20210406 16:22:49.439" endtime="20210406 16:22:50.440"></status>
</kw>
<kw name="Click Element" library="SeleniumLibrary">
<doc>Click the element identified by ``locator``.</doc>
<arguments>
<arg>link=Logout</arg>
</arguments>
<msg timestamp="20210406 16:22:50.442" level="INFO">Clicking element 'link=Logout'.</msg>
<status status="PASS" starttime="20210406 16:22:50.441" endtime="20210406 16:22:51.696"></status>
</kw>
<kw name="Sleep" library="BuiltIn">
<doc>Pauses the test executed for the given time.</doc>
<arguments>
<arg>2</arg>
</arguments>
<msg timestamp="20210406 16:22:53.697" level="INFO">Slept 2 seconds</msg>
<status status="PASS" starttime="20210406 16:22:51.697" endtime="20210406 16:22:53.698"></status>
</kw>
<doc>Sameple login test</doc>
<status status="PASS" starttime="20210406 16:22:32.828" endtime="20210406 16:22:53.698" critical="yes"></status>
</test>
<status status="PASS" starttime="20210406 16:22:06.733" endtime="20210406 16:22:53.700"></status>
</suite>
<status status="PASS" starttime="20210406 16:22:06.555" endtime="20210406 16:22:53.706"></status>
</suite>
<statistics>
<total>
<stat pass="2" fail="0">Critical Tests</stat>
<stat pass="2" fail="0">All Tests</stat>
</total>
<tag>
</tag>
<suite>
<stat pass="2" fail="0" id="s1" name="Test">Test</stat>
<stat pass="2" fail="0" id="s1-s1" name="Testrovo">Test.Testrovo</stat>
</suite>
</statistics>
<errors>
</errors>
</robot>
